h:\prg1\cvičení\2016\08\telefony\telefony\debug\telefony.pch
h:\prg1\cvičení\2016\08\telefony\telefony\debug\vc140.pdb
h:\prg1\cvičení\2016\08\telefony\telefony\debug\vc140.idb
h:\prg1\cvičení\2016\08\telefony\telefony\debug\stdafx.obj
h:\prg1\cvičení\2016\08\telefony\telefony\debug\telefony.obj
h:\prg1\cvičení\2016\09\telefony\telefony\telefony\debug\telefony.pch
h:\prg1\cvičení\2016\09\telefony\telefony\telefony\debug\vc140.pdb
h:\prg1\cvičení\2016\09\telefony\telefony\telefony\debug\vc140.idb
h:\prg1\cvičení\2016\09\telefony\telefony\telefony\debug\stdafx.obj
h:\prg1\cvičení\2016\09\telefony\telefony\telefony\debug\telefony.obj
h:\prg1\cvičení\2016\08\telefony\debug\telefony.ilk
h:\prg1\cvičení\2016\08\telefony\debug\telefony.exe
h:\prg1\cvičení\2016\08\telefony\debug\telefony.pdb
g:\prg1\cvičení\2016\08\telefony\debug\telefony.ilk
g:\prg1\cvičení\2016\08\telefony\debug\telefony.exe
g:\prg1\cvičení\2016\08\telefony\debug\telefony.pdb
h:\prg1\cvičení\2016\09\telefony\telefony\debug\telefony.ilk
h:\prg1\cvičení\2016\09\telefony\telefony\debug\telefony.exe
h:\prg1\cvičení\2016\09\telefony\telefony\debug\telefony.pdb
h:\prg1\cvičení\2016\09\telefony\telefony\telefony\debug\telefony.tlog\cl.command.1.tlog
h:\prg1\cvičení\2016\09\telefony\telefony\telefony\debug\telefony.tlog\cl.read.1.tlog
h:\prg1\cvičení\2016\09\telefony\telefony\telefony\debug\telefony.tlog\cl.write.1.tlog
h:\prg1\cvičení\2016\09\telefony\telefony\telefony\debug\telefony.tlog\link.command.1.tlog
h:\prg1\cvičení\2016\09\telefony\telefony\telefony\debug\telefony.tlog\link.read.1.tlog
h:\prg1\cvičení\2016\09\telefony\telefony\telefony\debug\telefony.tlog\link.write.1.tlog
