h:\prg1\cvičení\2016\07\telefony\telefony\debug\telefony.pch
h:\prg1\cvičení\2016\07\telefony\telefony\debug\vc140.pdb
h:\prg1\cvičení\2016\07\telefony\telefony\debug\vc140.idb
h:\prg1\cvičení\2016\07\telefony\telefony\debug\stdafx.obj
h:\prg1\cvičení\2016\07\telefony\telefony\debug\telefony.obj
h:\prg1\cvičení\2016\07\telefony\debug\telefony.ilk
h:\prg1\cvičení\2016\07\telefony\debug\telefony.exe
h:\prg1\cvičení\2016\07\telefony\debug\telefony.pdb
c:\users\karel\documents\výuka\všp\prg1\cvičení\2016\08\telefony\telefony\debug\stdafx.obj
c:\users\karel\documents\výuka\všp\prg1\cvičení\2016\08\telefony\telefony\debug\telefony.obj
c:\users\karel\documents\výuka\všp\prg1\cvičení\2016\08\telefony\telefony\debug\telefony.pch
c:\users\karel\documents\výuka\všp\prg1\cvičení\2016\08\telefony\telefony\debug\vc140.idb
c:\users\karel\documents\výuka\všp\prg1\cvičení\2016\08\telefony\telefony\debug\vc140.pdb
c:\users\karel\documents\výuka\všp\prg1\cvičení\2016\08\telefony\debug\telefony.pdb
c:\users\karel\documents\výuka\všp\prg1\cvičení\2016\08\telefony\debug\telefony.exe
c:\users\karel\documents\výuka\všp\prg1\cvičení\2016\08\telefony\debug\telefony.ilk
c:\users\karel\documents\výuka\všp\prg1\cvičení\2016\08\telefony\telefony\debug\telefony.tlog\cl.command.1.tlog
c:\users\karel\documents\výuka\všp\prg1\cvičení\2016\08\telefony\telefony\debug\telefony.tlog\cl.read.1.tlog
c:\users\karel\documents\výuka\všp\prg1\cvičení\2016\08\telefony\telefony\debug\telefony.tlog\cl.write.1.tlog
c:\users\karel\documents\výuka\všp\prg1\cvičení\2016\08\telefony\telefony\debug\telefony.tlog\link.command.1.tlog
c:\users\karel\documents\výuka\všp\prg1\cvičení\2016\08\telefony\telefony\debug\telefony.tlog\link.read.1.tlog
c:\users\karel\documents\výuka\všp\prg1\cvičení\2016\08\telefony\telefony\debug\telefony.tlog\link.write.1.tlog
